This is pdfTeX, Version 3.14159265-2.6-1.40.19 (MiKTeX 2.9.6630 64-bit) (preloaded format=pdflatex 2018.4.24)  18 OCT 2018 18:43
entering extended mode
**./v2-acmsmall-sample.tex
(v2-acmsmall-sample.tex
LaTeX2e <2017-04-15>
Babel <3.18> and hyphenation patterns for 75 language(s) loaded.
(acmsmall.cls
Document Class: acmsmall 2012/03/05, fonts included on 28 June 2010
(url.sty
\Urlmuskip=\muskip10
Package: url 2006/04/12  ver 3.3  Verb mode for urls, etc.
)
ACM, Production Font style: 2010/06/28 by Aptara

Using ACM, TECS option: 2010/05/04 by Aptara

("C:\Program Files\MiKTeX 2.9\tex\latex\base\latexsym.sty"
Package: latexsym 1998/08/17 v2.2e Standard LaTeX package (lasy symbols)
\symlasy=\mathgroup4
LaTeX Font Info:    Overwriting symbol font `lasy' in version `bold'
(Font)                  U/lasy/m/n --> U/lasy/b/n on input line 52.
)
("C:\Program Files\MiKTeX 2.9\tex\latex\graphics\color.sty"
Package: color 2016/07/10 v1.1e Standard LaTeX Color (DPC)

("C:\Program Files\MiKTeX 2.9\tex\latex\graphics-cfg\color.cfg"
File: color.cfg 2016/01/02 v1.6 sample color configuration
)
Package color Info: Driver file: pdftex.def on input line 147.

("C:\Program Files\MiKTeX 2.9\tex\latex\graphics-def\pdftex.def"
File: pdftex.def 2018/01/08 v1.0l Graphics/color driver for pdftex
))
("C:\Program Files\MiKTeX 2.9\tex\latex\graphics\graphicx.sty"
Package: graphicx 2017/06/01 v1.1a Enhanced LaTeX Graphics (DPC,SPQR)

("C:\Program Files\MiKTeX 2.9\tex\latex\graphics\keyval.sty"
Package: keyval 2014/10/28 v1.15 key=value parser (DPC)
\KV@toks@=\toks14
)
("C:\Program Files\MiKTeX 2.9\tex\latex\graphics\graphics.sty"
Package: graphics 2017/06/25 v1.2c Standard LaTeX Graphics (DPC,SPQR)

("C:\Program Files\MiKTeX 2.9\tex\latex\graphics\trig.sty"
Package: trig 2016/01/03 v1.10 sin cos tan (DPC)
)
("C:\Program Files\MiKTeX 2.9\tex\latex\graphics-cfg\graphics.cfg"
File: graphics.cfg 2016/06/04 v1.11 sample graphics configuration
)
Package graphics Info: Driver file: pdftex.def on input line 99.
)
\Gin@req@height=\dimen102
\Gin@req@width=\dimen103
)
Document Class `acmsmall' Electronic Submissions v1.4 <July 09, 2012> (ACM).
\@firstpg=\count79
\@lastpg=\count80
\trimheight=\dimen104
\trimwidth=\dimen105
\normaltextheight=\dimen106
\tempdimen=\dimen107
\tempbox=\box26
\tbbox=\box27
\tabledim=\dimen108
\symnewlargesymbols=\mathgroup5
LaTeX Font Info:    Redeclaring math symbol \bigsqcup on input line 2038.
\normalparindent=\dimen109
\footheight=\skip41
\@maxsep=\skip42
\@dblmaxsep=\skip43
\@totalpg=\count81
\@abstract=\box28
\@permissionbox=\box29
\c@part=\count82
\c@section=\count83
\c@subsection=\count84
\c@subsubsection=\count85
\c@paragraph=\count86
\enumdim=\dimen110
\c@theorem=\count87
\belowcaptionskip=\skip44
\abovecaptionskip=\skip45
\c@figure=\count88
\c@table=\count89
\@narrowfig=\dimen111
\@nfigbox=\box30
\@nfcapbox=\box31
\@nfigbox=\box32
\@nfcapbox=\box33
\bibindent=\dimen112
LaTeX Font Info:    Overwriting math alphabet `\mathbb' in version `normal'
(Font)                  OT1/ams/bx/n --> OT1/ams/bx/n on input line 3628.
LaTeX Font Info:    Overwriting math alphabet `\mathbb' in version `bold'
(Font)                  OT1/ams/bx/n --> OT1/ams/bx/n on input line 3629.
) (algorithm2e.sty
Package: algorithm2e 2008/00/00 v3.10 algorithms environments
\c@AlgoLine=\count90
 ("C:\Program Files\MiKTeX 2.9\tex\latex\base\ifthen.sty"
Package: ifthen 2014/09/29 v1.1c Standard LaTeX ifthen package (DPC)
)
("C:\Program Files\MiKTeX 2.9\tex\latex\tools\xspace.sty"
Package: xspace 2014/10/28 v1.13 Space after command names (DPC,MH)
)
("C:\Program Files\MiKTeX 2.9\tex\latex\ltxmisc\relsize.sty"
Package: relsize 2003/07/04 ver 3.1
)
********************************************************
Package `algorithm2e' Release 4.01 -- december 14 2009 --
- algorithm2e-announce@lirmm.fr mailing list for announcement about releases
- algorithm2e-discussion@lirmm.fr mailing list for discussion about package
subscribe by emailing sympa@lirmm.fr with 'subscribe <list> <firstname name>'
- Author: Christophe Fiorio (fiorio@lirmm.fr)
********************************************************
\skiptotal=\skip46
\skiplinenumber=\skip47
\skiprule=\skip48
\skiphlne=\skip49
\skiptext=\skip50
\skiplength=\skip51
\algomargin=\skip52
\skipalgocfslide=\skip53
\algowidth=\dimen113
\inoutsize=\dimen114
\inoutline=\dimen115
\interspacetitleruled=\dimen116
\interspacealgoruled=\dimen117
\interspacetitleboxruled=\dimen118
\algocf@inoutbox=\box34
\algocf@inputbox=\box35
\AlCapSkip=\skip54
\AlCapHSkip=\skip55
\algocf@nlbox=\box36
\algocf@hangingbox=\box37
\algocf@capbox=\box38
\algoheightruledefault=\skip56
\algoheightrule=\skip57
\algotitleheightruledefault=\skip58
\algotitleheightrule=\skip59
\c@algocfline=\count91
\c@algocfproc=\count92
\c@algocf=\count93
\algocf@algoframe=\box39
\algocf@algobox=\box40
) ("C:\Program Files\MiKTeX 2.9\tex\latex\cite\cite.sty"
LaTeX Info: Redefining \cite on input line 302.
LaTeX Info: Redefining \nocite on input line 332.
Package: cite 2015/02/27  v 5.5
)
("C:\Program Files\MiKTeX 2.9\tex\latex\amsmath\amsmath.sty"
Package: amsmath 2017/09/02 v2.17a AMS math features
\@mathmargin=\skip60

For additional information on amsmath, use the `?' option.
("C:\Program Files\MiKTeX 2.9\tex\latex\amsmath\amstext.sty"
Package: amstext 2000/06/29 v2.01 AMS text

("C:\Program Files\MiKTeX 2.9\tex\latex\amsmath\amsgen.sty"
File: amsgen.sty 1999/11/30 v2.0 generic functions
\@emptytoks=\toks15
\ex@=\dimen119
)
LaTeX Info: Redefining \text on input line 28.
)
("C:\Program Files\MiKTeX 2.9\tex\latex\amsmath\amsbsy.sty"
Package: amsbsy 1999/11/29 v1.2d Bold Symbols
\pmbraise@=\dimen120
)
("C:\Program Files\MiKTeX 2.9\tex\latex\amsmath\amsopn.sty"
Package: amsopn 2016/03/08 v2.02 operator names
)
\inf@bad=\count94
LaTeX Info: Redefining \frac on input line 213.
\uproot@=\count95
\leftroot@=\count96
LaTeX Info: Redefining \overline on input line 375.
\classnum@=\count97
\DOTSCASE@=\count98
LaTeX Info: Redefining \ldots on input line 472.
LaTeX Info: Redefining \dots on input line 475.
LaTeX Info: Redefining \cdots on input line 596.
\Mathstrutbox@=\box41
\strutbox@=\box42
\big@size=\dimen121
LaTeX Font Info:    Redeclaring font encoding OML on input line 712.
LaTeX Font Info:    Redeclaring font encoding OMS on input line 713.
\macc@depth=\count99
\c@MaxMatrixCols=\count100
\dotsspace@=\muskip11
\c@parentequation=\count101
\dspbrk@lvl=\count102
\tag@help=\toks16
\row@=\count103
\column@=\count104
\maxfields@=\count105
\andhelp@=\toks17
\eqnshift@=\dimen122
\alignsep@=\dimen123
\tagshift@=\dimen124
\tagwidth@=\dimen125
\totwidth@=\dimen126
\lineht@=\dimen127
\@envbody=\toks18
\multlinegap=\skip61
\multlinetaggap=\skip62
\mathdisplay@stack=\toks19
LaTeX Info: Redefining \[ on input line 2817.
LaTeX Info: Redefining \] on input line 2818.
)
("C:\Program Files\MiKTeX 2.9\tex\latex\amsfonts\amssymb.sty"
Package: amssymb 2013/01/14 v3.01 AMS font symbols

("C:\Program Files\MiKTeX 2.9\tex\latex\amsfonts\amsfonts.sty"
Package: amsfonts 2013/01/14 v3.01 Basic AMSFonts support
\symAMSa=\mathgroup6
\symAMSb=\mathgroup7
LaTeX Font Info:    Overwriting math alphabet `\mathfrak' in version `bold'
(Font)                  U/euf/m/n --> U/euf/b/n on input line 106.
))
("C:\Program Files\MiKTeX 2.9\tex\latex\algorithms\algorithmic.sty"
Package: algorithmic 2009/08/24 v0.1 Document Style `algorithmic'
\c@ALC@unique=\count106
\c@ALC@line=\count107
\c@ALC@rem=\count108
\c@ALC@depth=\count109
\ALC@tlm=\skip63
\algorithmicindent=\skip64
)
("C:\Program Files\MiKTeX 2.9\tex\latex\base\textcomp.sty"
Package: textcomp 2017/04/05 v2.0i Standard LaTeX package
Package textcomp Info: Sub-encoding information:
(textcomp)               5 = only ISO-Adobe without \textcurrency
(textcomp)               4 = 5 + \texteuro
(textcomp)               3 = 4 + \textohm
(textcomp)               2 = 3 + \textestimated + \textcurrency
(textcomp)               1 = TS1 - \textcircled - \t
(textcomp)               0 = TS1 (full)
(textcomp)             Font families with sub-encoding setting implement
(textcomp)             only a restricted character set as indicated.
(textcomp)             Family '?' is the default used for unknown fonts.
(textcomp)             See the documentation for details.
Package textcomp Info: Setting ? sub-encoding to TS1/1 on input line 79.

("C:\Program Files\MiKTeX 2.9\tex\latex\base\ts1enc.def"
File: ts1enc.def 2001/06/05 v3.0e (jk/car/fm) Standard LaTeX file
)
LaTeX Info: Redefining \oldstylenums on input line 334.
Package textcomp Info: Setting cmr sub-encoding to TS1/0 on input line 349.
Package textcomp Info: Setting cmss sub-encoding to TS1/0 on input line 350.
Package textcomp Info: Setting cmtt sub-encoding to TS1/0 on input line 351.
Package textcomp Info: Setting cmvtt sub-encoding to TS1/0 on input line 352.
Package textcomp Info: Setting cmbr sub-encoding to TS1/0 on input line 353.
Package textcomp Info: Setting cmtl sub-encoding to TS1/0 on input line 354.
Package textcomp Info: Setting ccr sub-encoding to TS1/0 on input line 355.
Package textcomp Info: Setting ptm sub-encoding to TS1/4 on input line 356.
Package textcomp Info: Setting pcr sub-encoding to TS1/4 on input line 357.
Package textcomp Info: Setting phv sub-encoding to TS1/4 on input line 358.
Package textcomp Info: Setting ppl sub-encoding to TS1/3 on input line 359.
Package textcomp Info: Setting pag sub-encoding to TS1/4 on input line 360.
Package textcomp Info: Setting pbk sub-encoding to TS1/4 on input line 361.
Package textcomp Info: Setting pnc sub-encoding to TS1/4 on input line 362.
Package textcomp Info: Setting pzc sub-encoding to TS1/4 on input line 363.
Package textcomp Info: Setting bch sub-encoding to TS1/4 on input line 364.
Package textcomp Info: Setting put sub-encoding to TS1/5 on input line 365.
Package textcomp Info: Setting uag sub-encoding to TS1/5 on input line 366.
Package textcomp Info: Setting ugq sub-encoding to TS1/5 on input line 367.
Package textcomp Info: Setting ul8 sub-encoding to TS1/4 on input line 368.
Package textcomp Info: Setting ul9 sub-encoding to TS1/4 on input line 369.
Package textcomp Info: Setting augie sub-encoding to TS1/5 on input line 370.
Package textcomp Info: Setting dayrom sub-encoding to TS1/3 on input line 371.
Package textcomp Info: Setting dayroms sub-encoding to TS1/3 on input line 372.

Package textcomp Info: Setting pxr sub-encoding to TS1/0 on input line 373.
Package textcomp Info: Setting pxss sub-encoding to TS1/0 on input line 374.
Package textcomp Info: Setting pxtt sub-encoding to TS1/0 on input line 375.
Package textcomp Info: Setting txr sub-encoding to TS1/0 on input line 376.
Package textcomp Info: Setting txss sub-encoding to TS1/0 on input line 377.
Package textcomp Info: Setting txtt sub-encoding to TS1/0 on input line 378.
Package textcomp Info: Setting lmr sub-encoding to TS1/0 on input line 379.
Package textcomp Info: Setting lmdh sub-encoding to TS1/0 on input line 380.
Package textcomp Info: Setting lmss sub-encoding to TS1/0 on input line 381.
Package textcomp Info: Setting lmssq sub-encoding to TS1/0 on input line 382.
Package textcomp Info: Setting lmvtt sub-encoding to TS1/0 on input line 383.
Package textcomp Info: Setting lmtt sub-encoding to TS1/0 on input line 384.
Package textcomp Info: Setting qhv sub-encoding to TS1/0 on input line 385.
Package textcomp Info: Setting qag sub-encoding to TS1/0 on input line 386.
Package textcomp Info: Setting qbk sub-encoding to TS1/0 on input line 387.
Package textcomp Info: Setting qcr sub-encoding to TS1/0 on input line 388.
Package textcomp Info: Setting qcs sub-encoding to TS1/0 on input line 389.
Package textcomp Info: Setting qpl sub-encoding to TS1/0 on input line 390.
Package textcomp Info: Setting qtm sub-encoding to TS1/0 on input line 391.
Package textcomp Info: Setting qzc sub-encoding to TS1/0 on input line 392.
Package textcomp Info: Setting qhvc sub-encoding to TS1/0 on input line 393.
Package textcomp Info: Setting futs sub-encoding to TS1/4 on input line 394.
Package textcomp Info: Setting futx sub-encoding to TS1/4 on input line 395.
Package textcomp Info: Setting futj sub-encoding to TS1/4 on input line 396.
Package textcomp Info: Setting hlh sub-encoding to TS1/3 on input line 397.
Package textcomp Info: Setting hls sub-encoding to TS1/3 on input line 398.
Package textcomp Info: Setting hlst sub-encoding to TS1/3 on input line 399.
Package textcomp Info: Setting hlct sub-encoding to TS1/5 on input line 400.
Package textcomp Info: Setting hlx sub-encoding to TS1/5 on input line 401.
Package textcomp Info: Setting hlce sub-encoding to TS1/5 on input line 402.
Package textcomp Info: Setting hlcn sub-encoding to TS1/5 on input line 403.
Package textcomp Info: Setting hlcw sub-encoding to TS1/5 on input line 404.
Package textcomp Info: Setting hlcf sub-encoding to TS1/5 on input line 405.
Package textcomp Info: Setting pplx sub-encoding to TS1/3 on input line 406.
Package textcomp Info: Setting pplj sub-encoding to TS1/3 on input line 407.
Package textcomp Info: Setting ptmx sub-encoding to TS1/4 on input line 408.
Package textcomp Info: Setting ptmj sub-encoding to TS1/4 on input line 409.
)
("C:\Program Files\MiKTeX 2.9\tex\latex\xcolor\xcolor.sty"
Package: xcolor 2016/05/11 v2.12 LaTeX color extensions (UK)

("C:\Program Files\MiKTeX 2.9\tex\latex\graphics-cfg\color.cfg"
File: color.cfg 2016/01/02 v1.6 sample color configuration
)
Package xcolor Info: Driver file: pdftex.def on input line 225.
LaTeX Info: Redefining \color on input line 709.
Package xcolor Info: Model `cmy' substituted by `cmy0' on input line 1348.
Package xcolor Info: Model `hsb' substituted by `rgb' on input line 1352.
Package xcolor Info: Model `RGB' extended on input line 1364.
Package xcolor Info: Model `HTML' substituted by `rgb' on input line 1366.
Package xcolor Info: Model `Hsb' substituted by `hsb' on input line 1367.
Package xcolor Info: Model `tHsb' substituted by `hsb' on input line 1368.
Package xcolor Info: Model `HSB' substituted by `hsb' on input line 1369.
Package xcolor Info: Model `Gray' substituted by `gray' on input line 1370.
Package xcolor Info: Model `wave' substituted by `hsb' on input line 1371.
)
("C:\Program Files\MiKTeX 2.9\tex\latex\float\float.sty"
Package: float 2001/11/08 v1.3d Float enhancements (AL)
\c@float@type=\count110
\float@exts=\toks20
\float@box=\box43
\@float@everytoks=\toks21
\@floatcapt=\box44
)
("C:\Program Files\MiKTeX 2.9\tex\latex\subfigure\subfigure.sty"
Package: subfigure 2002/07/30 v2.1.4 subfigure package
\subfigtopskip=\skip65
\subfigcapskip=\skip66
\subfigcaptopadj=\dimen128
\subfigbottomskip=\skip67
\subfigcapmargin=\dimen129
\subfiglabelskip=\skip68
\c@subfigure=\count111
\c@lofdepth=\count112
\c@subtable=\count113
\c@lotdepth=\count114

****************************************
* Local config file subfigure.cfg used *
****************************************
("C:\Program Files\MiKTeX 2.9\tex\latex\subfigure\subfigure.cfg")
\subfig@top=\skip69
\subfig@bottom=\skip70
)
(v2-acmsmall-sample.aux

LaTeX Warning: Label `sec:level1' multiply defined.

)
\openout1 = `v2-acmsmall-sample.aux'.

LaTeX Font Info:    Checking defaults for OML/cmm/m/it on input line 49.
LaTeX Font Info:    ... okay on input line 49.
LaTeX Font Info:    Checking defaults for T1/cmr/m/n on input line 49.
LaTeX Font Info:    ... okay on input line 49.
LaTeX Font Info:    Checking defaults for OT1/cmr/m/n on input line 49.
LaTeX Font Info:    ... okay on input line 49.
LaTeX Font Info:    Checking defaults for OMS/cmsy/m/n on input line 49.
LaTeX Font Info:    ... okay on input line 49.
LaTeX Font Info:    Checking defaults for OMX/cmex/m/n on input line 49.
LaTeX Font Info:    ... okay on input line 49.
LaTeX Font Info:    Checking defaults for U/cmr/m/n on input line 49.
LaTeX Font Info:    ... okay on input line 49.
LaTeX Font Info:    Checking defaults for TS1/cmr/m/n on input line 49.
LaTeX Font Info:    Try loading font information for TS1+cmr on input line 49.
 ("C:\Program Files\MiKTeX 2.9\tex\latex\base\ts1cmr.fd"
File: ts1cmr.fd 2014/09/29 v2.5h Standard LaTeX font definitions
)
LaTeX Font Info:    ... okay on input line 49.
LaTeX Font Info:    Try loading font information for OT1+pnc on input line 49.

("C:\Program Files\MiKTeX 2.9\tex\latex\psnfss\ot1pnc.fd"
File: ot1pnc.fd 2001/06/04 font definitions for OT1/pnc.
)
("C:\Program Files\MiKTeX 2.9\tex\context\base\supp-pdf.mkii"
[Loading MPS to PDF converter (version 2006.09.02).]
\scratchcounter=\count115
\scratchdimen=\dimen130
\scratchbox=\box45
\nofMPsegments=\count116
\nofMParguments=\count117
\everyMPshowfont=\toks22
\MPscratchCnt=\count118
\MPscratchDim=\dimen131
\MPnumerator=\count119
\makeMPintoPDFobject=\count120
\everyMPtoPDFconversion=\toks23
) ("C:\Program Files\MiKTeX 2.9\tex\latex\oberdiek\epstopdf-base.sty"
Package: epstopdf-base 2016/05/15 v2.6 Base part for package epstopdf

("C:\Program Files\MiKTeX 2.9\tex\generic\oberdiek\infwarerr.sty"
Package: infwarerr 2016/05/16 v1.4 Providing info/warning/error messages (HO)
)
("C:\Program Files\MiKTeX 2.9\tex\latex\oberdiek\grfext.sty"
Package: grfext 2016/05/16 v1.2 Manage graphics extensions (HO)

("C:\Program Files\MiKTeX 2.9\tex\generic\oberdiek\kvdefinekeys.sty"
Package: kvdefinekeys 2016/05/16 v1.4 Define keys (HO)

("C:\Program Files\MiKTeX 2.9\tex\generic\oberdiek\ltxcmds.sty"
Package: ltxcmds 2016/05/16 v1.23 LaTeX kernel commands for general use (HO)
)))
("C:\Program Files\MiKTeX 2.9\tex\latex\oberdiek\kvoptions.sty"
Package: kvoptions 2016/05/16 v3.12 Key value format for package options (HO)

("C:\Program Files\MiKTeX 2.9\tex\generic\oberdiek\kvsetkeys.sty"
Package: kvsetkeys 2016/05/16 v1.17 Key value parser (HO)

("C:\Program Files\MiKTeX 2.9\tex\generic\oberdiek\etexcmds.sty"
Package: etexcmds 2016/05/16 v1.6 Avoid name clashes with e-TeX commands (HO)

("C:\Program Files\MiKTeX 2.9\tex\generic\oberdiek\ifluatex.sty"
Package: ifluatex 2016/05/16 v1.4 Provides the ifluatex switch (HO)
Package ifluatex Info: LuaTeX not detected.
)
Package etexcmds Info: Could not find \expanded.
(etexcmds)             That can mean that you are not using pdfTeX 1.50 or
(etexcmds)             that some package has redefined \expanded.
(etexcmds)             In the latter case, load this package earlier.
)))
("C:\Program Files\MiKTeX 2.9\tex\generic\oberdiek\pdftexcmds.sty"
Package: pdftexcmds 2018/01/21 v0.26 Utility functions of pdfTeX for LuaTeX (HO
)

("C:\Program Files\MiKTeX 2.9\tex\generic\oberdiek\ifpdf.sty"
Package: ifpdf 2017/03/15 v3.2 Provides the ifpdf switch
)
Package pdftexcmds Info: LuaTeX not detected.
Package pdftexcmds Info: \pdf@primitive is available.
Package pdftexcmds Info: \pdf@ifprimitive is available.
Package pdftexcmds Info: \pdfdraftmode found.
)
Package epstopdf-base Info: Redefining graphics rule for `.eps' on input line 4
38.
Package grfext Info: Graphics extension search list:
(grfext)             [.pdf,.png,.jpg,.mps,.jpeg,.jbig2,.jb2,.PDF,.PNG,.JPG,.JPE
G,.JBIG2,.JB2,.eps]
(grfext)             \AppendGraphicsExtensions on input line 456.
)
LaTeX Font Info:    Try loading font information for OT1+phv on input line 110.


("C:\Program Files\MiKTeX 2.9\tex\latex\psnfss\ot1phv.fd"
File: ot1phv.fd 2001/06/04 scalable font definitions for OT1/phv.
)
LaTeX Font Info:    Font shape `OT1/phv/bx/n' in size <12> not available
(Font)              Font shape `OT1/phv/b/n' tried instead on input line 110.
LaTeX Font Info:    Font shape `OT1/phv/bx/n' in size <9> not available
(Font)              Font shape `OT1/phv/b/n' tried instead on input line 113.
Missing character: There is no Ã in font pncr7t!
Missing character: There is no ¨ in font pncr7t!
Missing character: There is no Ã in font pncr7t!
Missing character: There is no ¡ in font pncr7t!

Overfull \vbox (72.27pt too high) has occurred while \output is active []

 [1{C:/Users/mayaz/AppData/Local/MiKTeX/2.9/pdftex/config/pdftex.map}
Non-PDF special ignored!
<special> papersize=8.5in,11in

]
<All_stores.jpg, id=8, 1253.68375pt x 526.96875pt>
File: All_stores.jpg Graphic file (type jpg)
<use All_stores.jpg>
Package pdftex.def Info: All_stores.jpg  used on input line 175.
(pdftex.def)             Requested size: 369.89088pt x 156.4917pt.
<jan_all_stores.jpg, id=9, 1487.5575pt x 526.96875pt>
File: jan_all_stores.jpg Graphic file (type jpg)
<use jan_all_stores.jpg>
Package pdftex.def Info: jan_all_stores.jpg  used on input line 186.
(pdftex.def)             Requested size: 369.89102pt x 156.4917pt.
 [2 <./All_stores.jpg>]
<store_105_all.jpg, id=13, 1253.68375pt x 526.96875pt>
File: store_105_all.jpg Graphic file (type jpg)
<use store_105_all.jpg>
Package pdftex.def Info: store_105_all.jpg  used on input line 197.
(pdftex.def)             Requested size: 369.89088pt x 156.4917pt.
<store_105_jan.jpg, id=14, 1487.5575pt x 526.96875pt>
File: store_105_jan.jpg Graphic file (type jpg)
<use store_105_jan.jpg>
Package pdftex.def Info: store_105_jan.jpg  used on input line 210.
(pdftex.def)             Requested size: 369.89102pt x 156.4917pt.


LaTeX Warning: `h' float specifier changed to `ht'.

[3 <./jan_all_stores.jpg> <./store_105_all.jpg>]
LaTeX Font Info:    Try loading font information for U+lasy on input line 227.

("C:\Program Files\MiKTeX 2.9\tex\latex\base\ulasy.fd"
File: ulasy.fd 1998/08/17 v2.2e LaTeX symbol font definitions
)
LaTeX Font Info:    Try loading font information for U+msa on input line 227.

("C:\Program Files\MiKTeX 2.9\tex\latex\amsfonts\umsa.fd"
File: umsa.fd 2013/01/14 v3.01 AMS symbols A
)
LaTeX Font Info:    Try loading font information for U+msb on input line 227.

("C:\Program Files\MiKTeX 2.9\tex\latex\amsfonts\umsb.fd"
File: umsb.fd 2013/01/14 v3.01 AMS symbols B
) [4 <./store_105_jan.jpg>]
<IQR.jpg, id=25, 346.29375pt x 130.23656pt>
File: IQR.jpg Graphic file (type jpg)
<use IQR.jpg>
Package pdftex.def Info: IQR.jpg  used on input line 253.
(pdftex.def)             Requested size: 170.72108pt x 71.13152pt.


LaTeX Font Warning: Command \mathversion invalid in math mode on input line 282
.

LaTeX Font Info:    Font shape `U/lasy/b/n' in size <7> not available
(Font)              Font shape `U/lasy/m/n' tried instead on input line 283.
LaTeX Font Info:    Font shape `U/lasy/b/n' in size <5> not available
(Font)              Font shape `U/lasy/m/n' tried instead on input line 283.
LaTeX Font Info:    Calculating math sizes for size <> on input line 283.

LaTeX Font Warning: Font shape `OT1/cmr/m/n' in size <> not available
(Font)              size <5> substituted on input line 283.


LaTeX Font Warning: Font shape `OT1/cmr/m/n' in size <0.7> not available
(Font)              size <5> substituted on input line 283.


LaTeX Font Warning: Font shape `OT1/cmr/m/n' in size <0.5> not available
(Font)              size <5> substituted on input line 283.


LaTeX Font Warning: Font shape `OML/cmm/m/it' in size <> not available
(Font)              size <5> substituted on input line 283.


LaTeX Font Warning: Font shape `OML/cmm/m/it' in size <0.7> not available
(Font)              size <5> substituted on input line 283.


LaTeX Font Warning: Font shape `OML/cmm/m/it' in size <0.5> not available
(Font)              size <5> substituted on input line 283.


LaTeX Font Warning: Font shape `OMS/cmsy/m/n' in size <> not available
(Font)              size <5> substituted on input line 283.


LaTeX Font Warning: Font shape `OMS/cmsy/m/n' in size <0.7> not available
(Font)              size <5> substituted on input line 283.


LaTeX Font Warning: Font shape `OMS/cmsy/m/n' in size <0.5> not available
(Font)              size <5> substituted on input line 283.


LaTeX Font Warning: Font shape `OT1/cmr/bx/n' in size <> not available
(Font)              size <5> substituted on input line 283.


LaTeX Font Warning: Font shape `OT1/cmr/bx/n' in size <0.7> not available
(Font)              size <5> substituted on input line 283.


LaTeX Font Warning: Font shape `OT1/cmr/bx/n' in size <0.5> not available
(Font)              size <5> substituted on input line 283.


LaTeX Font Warning: Font shape `OT1/cmr/m/it' in size <> not available
(Font)              size <5> substituted on input line 283.


LaTeX Font Warning: Font shape `OT1/cmr/m/it' in size <0.7> not available
(Font)              size <5> substituted on input line 283.


LaTeX Font Warning: Font shape `OT1/cmr/m/it' in size <0.5> not available
(Font)              size <5> substituted on input line 283.


LaTeX Font Warning: Font shape `U/lasy/m/n' in size <> not available
(Font)              size <5> substituted on input line 283.


LaTeX Font Warning: Font shape `U/lasy/m/n' in size <0.7> not available
(Font)              size <5> substituted on input line 283.


LaTeX Font Warning: Font shape `U/lasy/m/n' in size <0.5> not available
(Font)              size <5> substituted on input line 283.


LaTeX Font Warning: Command \mathversion invalid in math mode on input line 288
.


LaTeX Font Warning: Font shape `OML/cmm/b/it' in size <> not available
(Font)              size <5> substituted on input line 289.


LaTeX Font Warning: Font shape `OML/cmm/b/it' in size <0.7> not available
(Font)              size <5> substituted on input line 289.


LaTeX Font Warning: Font shape `OML/cmm/b/it' in size <0.5> not available
(Font)              size <5> substituted on input line 289.


LaTeX Font Warning: Font shape `OMS/cmsy/b/n' in size <> not available
(Font)              size <5> substituted on input line 289.


LaTeX Font Warning: Font shape `OMS/cmsy/b/n' in size <0.7> not available
(Font)              size <5> substituted on input line 289.


LaTeX Font Warning: Font shape `OMS/cmsy/b/n' in size <0.5> not available
(Font)              size <5> substituted on input line 289.

LaTeX Font Info:    Font shape `U/lasy/b/n' in size <> not available
(Font)              Font shape `U/lasy/m/n' tried instead on input line 289.

LaTeX Font Warning: Font shape `U/lasy/m/n' in size <> not available
(Font)              size <5> substituted on input line 289.

LaTeX Font Info:    Font shape `U/lasy/b/n' in size <0.7> not available
(Font)              Font shape `U/lasy/m/n' tried instead on input line 289.

LaTeX Font Warning: Font shape `U/lasy/m/n' in size <0.7> not available
(Font)              size <5> substituted on input line 289.

LaTeX Font Info:    Font shape `U/lasy/b/n' in size <0.5> not available
(Font)              Font shape `U/lasy/m/n' tried instead on input line 289.

LaTeX Font Warning: Font shape `U/lasy/m/n' in size <0.5> not available
(Font)              size <5> substituted on input line 289.

[5 <./IQR.jpg>]
<xxx.jpg, id=38, 866.0355pt x 307.1475pt>
File: xxx.jpg Graphic file (type jpg)
<use xxx.jpg>
Package pdftex.def Info: xxx.jpg  used on input line 317.
(pdftex.def)             Requested size: 396.0pt x 140.44127pt.
<yyy.jpg, id=39, 867.84225pt x 307.74976pt>
File: yyy.jpg Graphic file (type jpg)
<use yyy.jpg>
Package pdftex.def Info: yyy.jpg  used on input line 327.
(pdftex.def)             Requested size: 396.0pt x 140.43019pt.
<conf_anomaly.jpg, id=40, 243.309pt x 245.718pt>
File: conf_anomaly.jpg Graphic file (type jpg)
<use conf_anomaly.jpg>
Package pdftex.def Info: conf_anomaly.jpg  used on input line 342.
(pdftex.def)             Requested size: 180.67499pt x 182.4696pt.
<Conf_autoencoder.jpg, id=41, 232.4685pt x 238.491pt>
File: Conf_autoencoder.jpg Graphic file (type jpg)
<use Conf_autoencoder.jpg>
Package pdftex.def Info: Conf_autoencoder.jpg  used on input line 347.
(pdftex.def)             Requested size: 180.67499pt x 185.36719pt.
 [6 <./xxx.jpg> <./yyy.jpg>]
<roc_anomaly.jpg, id=45, 278.84175pt x 177.66376pt>
File: roc_anomaly.jpg Graphic file (type jpg)
<use roc_anomaly.jpg>
Package pdftex.def Info: roc_anomaly.jpg  used on input line 397.
(pdftex.def)             Requested size: 180.67499pt x 115.12222pt.
<roc_autoencoder.jpg, id=46, 277.63725pt x 177.66376pt>
File: roc_autoencoder.jpg Graphic file (type jpg)
<use roc_autoencoder.jpg>
Package pdftex.def Info: roc_autoencoder.jpg  used on input line 402.
(pdftex.def)             Requested size: 180.67499pt x 115.62103pt.
 [7 <./conf_anomaly.jpg> <./Conf_autoencoder.jpg> <./roc_anomaly.jpg> <./roc_au
toencoder.jpg>]
(v2-acmsmall-sample.bbl
Missing character: There is no Ã in font pncr7t!
Missing character: There is no ¡ in font pncr7t!
Missing character: There is no Ã in font pncr7t!
Missing character: There is no ¡ in font pncr7t!
LaTeX Font Info:    Font shape `U/lasy/b/n' in size <8> not available
(Font)              Font shape `U/lasy/m/n' tried instead on input line 46.
LaTeX Font Info:    Font shape `U/lasy/b/n' in size <6> not available
(Font)              Font shape `U/lasy/m/n' tried instead on input line 46.

Underfull \hbox (badness 1163) in paragraph at lines 38--47
[]\OT1/pnc/m/n/8 Cruz E. Borges, Yoseba K. Penya, Ivn Fern-ndez, Juan Pri-eto, 
and Os-car Bre-tos. 2013. As-sess-ing
 []


Underfull \hbox (badness 1521) in paragraph at lines 78--86
[]\OT1/pnc/m/n/8 Jui-Sheng Chou and Dac-Khuong Bui. 2014. Mod-el-ing heat-ing a
nd cool-ing loads by ar-ti-fi-cial in-
 []


Underfull \hbox (badness 2932) in paragraph at lines 78--86
\OT1/pnc/m/n/8 tel-li-gence for energy-efficient build-ing de-sign. \OT1/pnc/m/
it/8 En-ergy and Build-ings \OT1/pnc/m/n/8 82 (2014), 437 -- 446.
 []


Underfull \hbox (badness 2005) in paragraph at lines 91--102
[]\OT1/pnc/m/n/8 Pierre Dag-nely, Tom Ruette, Tom Tourw[]e, Elena Tsi-porkova, 
and Clara Ver-helst. 2015. Pre-dict-
 []


Underfull \hbox (badness 3375) in paragraph at lines 91--102
\OT1/pnc/m/n/8 line?. In \OT1/pnc/m/it/8 Re-vised Se-lected Pa-pers of the Thir
d ECML PKDD Work-shop on Data An-a-lyt-ics
 []


Underfull \hbox (badness 2875) in paragraph at lines 119--127
\OT1/pnc/m/n/8 ing ar-ti-fi-cial neu-ral net-works. \OT1/pnc/m/it/8 Ad-vances i
n En-gi-neer-ing Soft-ware \OT1/pnc/m/n/8 40, 5 (2009), 356 -- 362.
 []

Missing character: There is no Ã in font pncr7t!
Missing character: There is no ¡ in font pncr7t!
Missing character: There is no Ã in font pncr7t!
Missing character: There is no ¤ in font pncr7t!
[8]
Underfull \hbox (badness 10000) in paragraph at lines 209--215
[]\OT1/pnc/m/n/8 R. K. Jain, T. Damoulas, and C. E. Kon-tokosta. \OT1/pnc/m/it/
8 To-wards Data-Driven En-ergy Con-sump-
 []


Underfull \hbox (badness 7397) in paragraph at lines 209--215
\OT1/pnc/m/it/8 tion Fore-cast-ing of Multi-Family Res-i-den-tial Build-ings: F
ea-ture Se-lec-tion via The Lasso\OT1/pnc/m/n/8 .
 []


Underfull \hbox (badness 10000) in paragraph at lines 220--228
[]\OT1/pnc/m/n/8 Andrew Ku-siak, Mingyang Li, and Zi-jun Zhang. 2010. A data-dr
iven ap-proach for
 []


Underfull \hbox (badness 10000) in paragraph at lines 220--228
\OT1/pnc/m/n/8 steam load pre-dic-tion in build-ings. \OT1/pnc/m/it/8 Ap-plied 
En-ergy \OT1/pnc/m/n/8 87, 3 (2010), 925 -- 933.
 []


Underfull \hbox (badness 4205) in paragraph at lines 258--268
[]\OT1/pnc/m/n/8 Qiong Li, Qinglin Meng, Jiejin Cai, Hi-roshi Yoshino, and Akas
hi Mochida. 2009b. Pre-dict-ing
 []


Underfull \hbox (badness 4168) in paragraph at lines 258--268
\OT1/pnc/m/n/8 hourly cool-ing load in the build-ing: A com-par-i-son of sup-po
rt vec-tor ma-chine and dif-fer-
 []


Underfull \hbox (badness 2790) in paragraph at lines 258--268
\OT1/pnc/m/n/8 ent ar-ti-fi-cial neu-ral net-works. \OT1/pnc/m/it/8 En-ergy Con
-ver-sion and Man-age-ment \OT1/pnc/m/n/8 50, 1 (2009), 90 -- 96.
 []


Underfull \hbox (badness 10000) in paragraph at lines 283--290
[]\OT1/pnc/m/n/8 D. Liu and Q. Chen. 2013. Pre-dic-tion of build-ing light-ing 
en-ergy con-sump-tion based
 []


Underfull \hbox (badness 10000) in paragraph at lines 283--290
\OT1/pnc/m/n/8 on sup-port vec-tor re-gres-sion. In \OT1/pnc/m/it/8 2013 9th As
ian Con-trol Con-fer-ence (ASCC)\OT1/pnc/m/n/8 . 1--5.
 []

Missing character: There is no Ã in font pncr7t!
Missing character: There is no § in font pncr7t!
Missing character: There is no Ã in font pncr7t!
Missing character: There is no ¡ in font pncr7t!

Underfull \hbox (badness 10000) in paragraph at lines 345--354
[]\OT1/pnc/m/n/8 Radu Pla-ton, Vahid Raissi Dehko-rdi, and Jacques Mar-tel. 201
5. Hourly pre-dic-tion of a
 []


Underfull \hbox (badness 10000) in paragraph at lines 345--354
\OT1/pnc/m/n/8 build-ing's elec-tric-ity con-sump-tion us-ing case-based rea-so
n-ing, ar-ti-fi-cial neu-ral net-
 []


Underfull \hbox (badness 10000) in paragraph at lines 345--354
\OT1/pnc/m/n/8 works and prin-ci-pal com-po-nent anal-y-sis. \OT1/pnc/m/it/8 En
-ergy and Build-ings \OT1/pnc/m/n/8 92 (2015), 10 -- 18.
 []


Underfull \hbox (badness 1082) in paragraph at lines 359--367
[]\OT1/pnc/m/n/8 Y. Qi, C. Shen, D. Wang, J. Shi, X. Jiang, and Z. Zhu. 2017. S
tacked Sparse Autoencoder-Based
 []


Underfull \hbox (badness 10000) in paragraph at lines 372--380
[]\OT1/pnc/m/n/8 Mohammad Roy-apoor and Tony Roskilly. 2015. Build-ing model ca
l-i-bra-tion us-ing en-
 []


Underfull \hbox (badness 10000) in paragraph at lines 372--380
\OT1/pnc/m/n/8 ergy and en-vi-ron-men-tal data. \OT1/pnc/m/it/8 En-ergy and Bui
ld-ings \OT1/pnc/m/n/8 94 (2015), 109 -- 120.
 []

Missing character: There is no Ã in font pncr7t!
Missing character: There is no © in font pncr7t!
Missing character: There is no Ã in font pncr7t!
Missing character: There is no © in font pncr7t!
Missing character: There is no Ã in font pncr7t!
Missing character: There is no ¨ in font pncr7t!

Underfull \hbox (badness 5563) in paragraph at lines 410--419
[]\OT1/pnc/m/n/8 Hai xi-ang Zhao and Fr-dric Magouls. 2012. A re-view on the pr
e-dic-tion of build-ing en-ergy
 []


Underfull \hbox (badness 10000) in paragraph at lines 410--419
\OT1/pnc/m/n/8 con-sump-tion. \OT1/pnc/m/it/8 Re-new-able and Sus-tain-able En-
ergy Re-views \OT1/pnc/m/n/8 16, 6 (2012), 3586 -- 3592.
 []

) [9] (v2-acmsmall-sample.aux)

LaTeX Font Warning: Size substitutions with differences
(Font)              up to 4.5pt have occurred.


LaTeX Warning: There were multiply-defined labels.

 ) 
Here is how much of TeX's memory you used:
 5651 strings out of 493305
 73362 string characters out of 3138874
 159362 words of memory out of 3000000
 9073 multiletter control sequences out of 15000+200000
 32924 words of font info for 91 fonts, out of 3000000 for 9000
 1141 hyphenation exceptions out of 8191
 41i,8n,35p,2335b,325s stack positions out of 5000i,500n,10000p,200000b,50000s
{C:/Program Files/MiKTeX 2.9/fonts/enc/dvips/base/8r.enc}<C:/Program Files/Mi
KTeX 2.9/fonts/type1/public/amsfonts/cm/cmbsy10.pfb><C:/Program Files/MiKTeX 2.
9/fonts/type1/public/amsfonts/cmextra/cmbsy7.pfb><C:/Program Files/MiKTeX 2.9/f
onts/type1/public/amsfonts/cm/cmbx10.pfb><C:/Program Files/MiKTeX 2.9/fonts/typ
e1/public/amsfonts/cm/cmbx7.pfb><C:/Program Files/MiKTeX 2.9/fonts/type1/public
/amsfonts/cm/cmmi10.pfb><C:/Program Files/MiKTeX 2.9/fonts/type1/public/amsfont
s/cm/cmmi7.pfb><C:/Program Files/MiKTeX 2.9/fonts/type1/public/amsfonts/cm/cmmi
b10.pfb><C:/Program Files/MiKTeX 2.9/fonts/type1/public/amsfonts/cm/cmr10.pfb><
C:/Program Files/MiKTeX 2.9/fonts/type1/public/amsfonts/cm/cmr7.pfb><C:/Program
 Files/MiKTeX 2.9/fonts/type1/public/amsfonts/cm/cmsy10.pfb><C:/Program Files/M
iKTeX 2.9/fonts/type1/public/amsfonts/cm/cmti10.pfb><C:/Program Files/MiKTeX 2.
9/fonts/type1/public/amsfonts/cm/cmtt8.pfb><C:/Program Files/MiKTeX 2.9/fonts/t
ype1/public/amsfonts/symbols/msbm10.pfb><C:/Program Files/MiKTeX 2.9/fonts/type
1/urw/helvetic/uhvb8a.pfb><C:/Program Files/MiKTeX 2.9/fonts/type1/urw/helvetic
/uhvr8a.pfb><C:/Program Files/MiKTeX 2.9/fonts/type1/urw/ncntrsbk/uncr8a.pfb><C
:/Program Files/MiKTeX 2.9/fonts/type1/urw/ncntrsbk/uncri8a.pfb>
Output written on v2-acmsmall-sample.pdf (9 pages, 1094161 bytes).
PDF statistics:
 112 PDF objects out of 1000 (max. 8388607)
 0 named destinations out of 1000 (max. 500000)
 56 words of extra memory for PDF output out of 10000 (max. 10000000)

